<?xml version="1.0" encoding="UTF-8"?>
<testng-results ignored="0" total="5" passed="4" failed="1" skipped="0">
  <reporter-output>
  </reporter-output>
  <suite started-at="2023-07-04T17:56:43 IST" name="Suite" finished-at="2023-07-04T17:56:53 IST" duration-ms="10474">
    <groups>
    </groups>
    <test started-at="2023-07-04T17:56:43 IST" name="Test" finished-at="2023-07-04T17:56:53 IST" duration-ms="10474">
      <class name="testsuites.TestNewOpp">
        <test-method is-config="true" signature="browseropening()[pri:0, instance:testsuites.TestNewOpp@4c12331b]" started-at="2023-07-04T17:56:43 IST" name="browseropening" finished-at="2023-07-04T17:56:49 IST" duration-ms="5843" status="PASS">
          <reporter-output>
          </reporter-output>
        </test-method> <!-- browseropening -->
        <test-method signature="excelread([Ljava.lang.String;)[pri:0, instance:testsuites.TestNewOpp@4c12331b]" started-at="2023-07-04T17:56:50 IST" name="excelread" data-provider="datasendingmethod" finished-at="2023-07-04T17:56:50 IST" duration-ms="492" status="PASS">
          <params>
            <param index="0">
              <value>
                <![CDATA[[Ljava.lang.String;@76be6fe1]]>
              </value>
            </param>
          </params>
          <reporter-output>
          </reporter-output>
        </test-method> <!-- excelread -->
        <test-method is-config="true" signature="failurescreenshot(org.testng.ITestResult)[pri:0, instance:testsuites.TestNewOpp@4c12331b]" started-at="2023-07-04T17:56:50 IST" name="failurescreenshot" finished-at="2023-07-04T17:56:50 IST" duration-ms="3" status="PASS">
          <params>
            <param index="0">
              <value>
                <![CDATA[[TestResult name=excelread status=SUCCESS method=TestNewOpp.excelread([Ljava.lang.String;)[pri:0, instance:testsuites.TestNewOpp@4c12331b] output={null}]]]>
              </value>
            </param>
          </params>
          <reporter-output>
          </reporter-output>
        </test-method> <!-- failurescreenshot -->
        <test-method signature="excelread([Ljava.lang.String;)[pri:0, instance:testsuites.TestNewOpp@4c12331b]" started-at="2023-07-04T17:56:50 IST" name="excelread" data-provider="datasendingmethod" finished-at="2023-07-04T17:56:51 IST" duration-ms="635" status="PASS">
          <params>
            <param index="0">
              <value>
                <![CDATA[[Ljava.lang.String;@12566a07]]>
              </value>
            </param>
          </params>
          <reporter-output>
          </reporter-output>
        </test-method> <!-- excelread -->
        <test-method is-config="true" signature="failurescreenshot(org.testng.ITestResult)[pri:0, instance:testsuites.TestNewOpp@4c12331b]" started-at="2023-07-04T17:56:51 IST" name="failurescreenshot" finished-at="2023-07-04T17:56:51 IST" duration-ms="0" status="PASS">
          <params>
            <param index="0">
              <value>
                <![CDATA[[TestResult name=excelread status=SUCCESS method=TestNewOpp.excelread([Ljava.lang.String;)[pri:0, instance:testsuites.TestNewOpp@4c12331b] output={null}]]]>
              </value>
            </param>
          </params>
          <reporter-output>
          </reporter-output>
        </test-method> <!-- failurescreenshot -->
        <test-method signature="excelread([Ljava.lang.String;)[pri:0, instance:testsuites.TestNewOpp@4c12331b]" started-at="2023-07-04T17:56:51 IST" name="excelread" data-provider="datasendingmethod" finished-at="2023-07-04T17:56:51 IST" duration-ms="640" status="PASS">
          <params>
            <param index="0">
              <value>
                <![CDATA[[Ljava.lang.String;@30c48701]]>
              </value>
            </param>
          </params>
          <reporter-output>
          </reporter-output>
        </test-method> <!-- excelread -->
        <test-method signature="excelread([Ljava.lang.String;)[pri:0, instance:testsuites.TestNewOpp@4c12331b]" started-at="2023-07-04T17:56:51 IST" name="excelread" data-provider="datasendingmethod" finished-at="2023-07-04T17:56:52 IST" duration-ms="502" status="PASS">
          <params>
            <param index="0">
              <value>
                <![CDATA[[Ljava.lang.String;@255f2e21]]>
              </value>
            </param>
          </params>
          <reporter-output>
          </reporter-output>
        </test-method> <!-- excelread -->
        <test-method is-config="true" signature="failurescreenshot(org.testng.ITestResult)[pri:0, instance:testsuites.TestNewOpp@4c12331b]" started-at="2023-07-04T17:56:51 IST" name="failurescreenshot" finished-at="2023-07-04T17:56:51 IST" duration-ms="0" status="PASS">
          <params>
            <param index="0">
              <value>
                <![CDATA[[TestResult name=excelread status=SUCCESS method=TestNewOpp.excelread([Ljava.lang.String;)[pri:0, instance:testsuites.TestNewOpp@4c12331b] output={null}]]]>
              </value>
            </param>
          </params>
          <reporter-output>
          </reporter-output>
        </test-method> <!-- failurescreenshot -->
        <test-method is-config="true" signature="failurescreenshot(org.testng.ITestResult)[pri:0, instance:testsuites.TestNewOpp@4c12331b]" started-at="2023-07-04T17:56:52 IST" name="failurescreenshot" finished-at="2023-07-04T17:56:52 IST" duration-ms="1" status="PASS">
          <params>
            <param index="0">
              <value>
                <![CDATA[[TestResult name=excelread status=SUCCESS method=TestNewOpp.excelread([Ljava.lang.String;)[pri:0, instance:testsuites.TestNewOpp@4c12331b] output={null}]]]>
              </value>
            </param>
          </params>
          <reporter-output>
          </reporter-output>
        </test-method> <!-- failurescreenshot -->
        <test-method signature="excelread([Ljava.lang.String;)[pri:0, instance:testsuites.TestNewOpp@4c12331b]" started-at="2023-07-04T17:56:52 IST" name="excelread" data-provider="datasendingmethod" finished-at="2023-07-04T17:56:52 IST" duration-ms="179" status="FAIL">
          <params>
            <param index="0">
              <value>
                <![CDATA[[Ljava.lang.String;@1babb2ed]]>
              </value>
            </param>
          </params>
          <exception class="org.openqa.selenium.NoSuchElementException">
            <message>
              <![CDATA[no such element: Unable to locate element: {"method":"css selector","selector":"#username"}
  (Session info: chrome=114.0.5735.199)
For documentation on this error, please visit: https://selenium.dev/exceptions/#no_such_element
Build info: version: '4.7.2', revision: '4d4020c3b7'
System info: os.name: 'Windows 11', os.arch: 'amd64', os.version: '10.0', java.version: '17.0.6'
Driver info: org.openqa.selenium.chrome.ChromeDriver
Command: [c05374ab34f4bba726990b51f9c4be15, findElement {using=id, value=username}]
Capabilities {acceptInsecureCerts: false, browserName: chrome, browserVersion: 114.0.5735.199, chrome: {chromedriverVersion: 114.0.5735.90 (386bc09e8f4f..., userDataDir: C:\Users\ILANGO~1\AppData\L...}, goog:chromeOptions: {debuggerAddress: localhost:52154}, networkConnectionEnabled: false, pageLoadStrategy: normal, platformName: WINDOWS, proxy: Proxy(), se:cdp: ws://localhost:52154/devtoo..., se:cdpVersion: 114.0.5735.199, setWindowRect: true, strictFileInteractability: false, timeouts: {implicit: 0, pageLoad: 300000, script: 30000}, unhandledPromptBehavior: dismiss and notify, webauthn:extension:credBlob: true, webauthn:extension:largeBlob: true, webauthn:extension:minPinLength: true, webauthn:extension:prf: true, webauthn:virtualAuthenticators: true}
Session ID: c05374ab34f4bba726990b51f9c4be15]]>
            </message>
            <full-stacktrace>
              <![CDATA[org.openqa.selenium.NoSuchElementException: no such element: Unable to locate element: {"method":"css selector","selector":"#username"}
  (Session info: chrome=114.0.5735.199)
For documentation on this error, please visit: https://selenium.dev/exceptions/#no_such_element
Build info: version: '4.7.2', revision: '4d4020c3b7'
System info: os.name: 'Windows 11', os.arch: 'amd64', os.version: '10.0', java.version: '17.0.6'
Driver info: org.openqa.selenium.chrome.ChromeDriver
Command: [c05374ab34f4bba726990b51f9c4be15, findElement {using=id, value=username}]
Capabilities {acceptInsecureCerts: false, browserName: chrome, browserVersion: 114.0.5735.199, chrome: {chromedriverVersion: 114.0.5735.90 (386bc09e8f4f..., userDataDir: C:\Users\ILANGO~1\AppData\L...}, goog:chromeOptions: {debuggerAddress: localhost:52154}, networkConnectionEnabled: false, pageLoadStrategy: normal, platformName: WINDOWS, proxy: Proxy(), se:cdp: ws://localhost:52154/devtoo..., se:cdpVersion: 114.0.5735.199, setWindowRect: true, strictFileInteractability: false, timeouts: {implicit: 0, pageLoad: 300000, script: 30000}, unhandledPromptBehavior: dismiss and notify, webauthn:extension:credBlob: true, webauthn:extension:largeBlob: true, webauthn:extension:minPinLength: true, webauthn:extension:prf: true, webauthn:virtualAuthenticators: true}
Session ID: c05374ab34f4bba726990b51f9c4be15
at java.base/jdk.internal.reflect.NativeConstructorAccessorImpl.newInstance0(Native Method)
at java.base/jdk.internal.reflect.NativeConstructorAccessorImpl.newInstance(NativeConstructorAccessorImpl.java:77)
at java.base/jdk.internal.reflect.DelegatingConstructorAccessorImpl.newInstance(DelegatingConstructorAccessorImpl.java:45)
at java.base/java.lang.reflect.Constructor.newInstanceWithCaller(Constructor.java:499)
at java.base/java.lang.reflect.Constructor.newInstance(Constructor.java:480)
at org.openqa.selenium.remote.codec.w3c.W3CHttpResponseCodec.createException(W3CHttpResponseCodec.java:200)
at org.openqa.selenium.remote.codec.w3c.W3CHttpResponseCodec.decode(W3CHttpResponseCodec.java:133)
at org.openqa.selenium.remote.codec.w3c.W3CHttpResponseCodec.decode(W3CHttpResponseCodec.java:53)
at org.openqa.selenium.remote.HttpCommandExecutor.execute(HttpCommandExecutor.java:184)
at org.openqa.selenium.remote.service.DriverCommandExecutor.invokeExecute(DriverCommandExecutor.java:167)
at org.openqa.selenium.remote.service.DriverCommandExecutor.execute(DriverCommandExecutor.java:142)
at org.openqa.selenium.remote.RemoteWebDriver.execute(RemoteWebDriver.java:535)
at org.openqa.selenium.remote.ElementLocation$ElementFinder$2.findElement(ElementLocation.java:162)
at org.openqa.selenium.remote.ElementLocation.findElement(ElementLocation.java:60)
at org.openqa.selenium.remote.RemoteWebDriver.findElement(RemoteWebDriver.java:351)
at org.openqa.selenium.remote.RemoteWebDriver.findElement(RemoteWebDriver.java:343)
at testsuites.TestNewOpp.excelread(TestNewOpp.java:12)
at java.base/jdk.internal.reflect.NativeMethodAccessorImpl.invoke0(Native Method)
at java.base/jdk.internal.reflect.NativeMethodAccessorImpl.invoke(NativeMethodAccessorImpl.java:77)
at java.base/jdk.internal.reflect.DelegatingMethodAccessorImpl.invoke(DelegatingMethodAccessorImpl.java:43)
at java.base/java.lang.reflect.Method.invoke(Method.java:568)
at org.testng.internal.invokers.MethodInvocationHelper.invokeMethod(MethodInvocationHelper.java:139)
at org.testng.internal.invokers.TestInvoker.invokeMethod(TestInvoker.java:664)
at org.testng.internal.invokers.TestInvoker.invokeTestMethod(TestInvoker.java:227)
at org.testng.internal.invokers.MethodRunner.runInSequence(MethodRunner.java:50)
at org.testng.internal.invokers.TestInvoker$MethodInvocationAgent.invoke(TestInvoker.java:957)
at org.testng.internal.invokers.TestInvoker.invokeTestMethods(TestInvoker.java:200)
at org.testng.internal.invokers.TestMethodWorker.invokeTestMethods(TestMethodWorker.java:148)
at org.testng.internal.invokers.TestMethodWorker.run(TestMethodWorker.java:128)
at java.base/java.util.ArrayList.forEach(ArrayList.java:1511)
at org.testng.TestRunner.privateRun(TestRunner.java:848)
at org.testng.TestRunner.run(TestRunner.java:621)
at org.testng.SuiteRunner.runTest(SuiteRunner.java:443)
at org.testng.SuiteRunner$SuiteWorker.run(SuiteRunner.java:481)
at org.testng.internal.thread.ThreadUtil.lambda$execute$0(ThreadUtil.java:58)
at java.base/java.util.concurrent.FutureTask.run(FutureTask.java:264)
at java.base/java.util.concurrent.ThreadPoolExecutor.runWorker(ThreadPoolExecutor.java:1136)
at java.base/java.util.concurrent.ThreadPoolExecutor$Worker.run(ThreadPoolExecutor.java:635)
at java.base/java.lang.Thread.run(Thread.java:833)
]]>
            </full-stacktrace>
          </exception> <!-- org.openqa.selenium.NoSuchElementException -->
          <reporter-output>
          </reporter-output>
        </test-method> <!-- excelread -->
        <test-method is-config="true" signature="failurescreenshot(org.testng.ITestResult)[pri:0, instance:testsuites.TestNewOpp@4c12331b]" started-at="2023-07-04T17:56:52 IST" name="failurescreenshot" finished-at="2023-07-04T17:56:53 IST" duration-ms="1191" status="PASS">
          <params>
            <param index="0">
              <value>
                <![CDATA[[TestResult name=excelread status=FAILURE method=TestNewOpp.excelread([Ljava.lang.String;)[pri:0, instance:testsuites.TestNewOpp@4c12331b] output={null}]]]>
              </value>
            </param>
          </params>
          <reporter-output>
          </reporter-output>
        </test-method> <!-- failurescreenshot -->
        <test-method is-config="true" signature="teardown()[pri:0, instance:testsuites.TestNewOpp@4c12331b]" started-at="2023-07-04T17:56:53 IST" name="teardown" finished-at="2023-07-04T17:56:53 IST" duration-ms="190" status="PASS">
          <reporter-output>
          </reporter-output>
        </test-method> <!-- teardown -->
      </class> <!-- testsuites.TestNewOpp -->
    </test> <!-- Test -->
  </suite> <!-- Suite -->
</testng-results>
